<?xml version="1.0" encoding="UTF-8"?>
<testsuite name="reittitemp.ArrayTest" tests="3" skipped="0" failures="0" errors="0" timestamp="2017-12-11T11:41:04" hostname="PC" time="0.004">
  <properties/>
  <testcase name="duplikaattejaEiLisata" classname="reittitemp.ArrayTest" time="0.001"/>
  <testcase name="gettausToimiiOikein" classname="reittitemp.ArrayTest" time="0.001"/>
  <testcase name="ArrayLisäysToimii" classname="reittitemp.ArrayTest" time="0.002"/>
  <system-out><![CDATA[]]></system-out>
  <system-err><![CDATA[]]></system-err>
</testsuite>
